<?xml version="1.0" encoding="UTF-8"?>
<!-- Generated by org.testng.reporters.JUnitReportReporter -->
<testsuite skipped="0" hostname="inb01lap3334" name="com.sauce.testRunner.TestRunner" tests="1" failures="0" timestamp="2021-09-01T00:32:23 IST" time="12.078" errors="0">
  <testcase name="runScenario" time="12.078" classname="com.sauce.testRunner.TestRunner"/>
  <system-out/>
</testsuite> <!-- com.sauce.testRunner.TestRunner -->
